<?xml version="1.0" encoding="UTF-8"?>
<!-- Generated by org.testng.reporters.JUnitReportReporter -->
<testsuite name="com.presta.tests.SmokeTest" tests="10" time="142.779" ignored="0" failures="0" timestamp="29 Aug 2018 23:56:27 GMT" skipped="0" hostname="DESKTOP-4SGQIEI" errors="0">
  <testcase name="validatesummarypage" time="12.585" classname="com.presta.tests.SmokeTest"/>
  <testcase name="shipping" time="17.772" classname="com.presta.tests.SmokeTest"/>
  <testcase name="Addtocart" time="9.333" classname="com.presta.tests.SmokeTest"/>
  <testcase name="loginNegative" time="11.049" classname="com.presta.tests.SmokeTest"/>
  <testcase name="payment" time="19.079" classname="com.presta.tests.SmokeTest"/>
  <testcase name="Deleteitem" time="15.323" classname="com.presta.tests.SmokeTest"/>
  <testcase name="searchProduct" time="6.572" classname="com.presta.tests.SmokeTest"/>
  <testcase name="cartsubmit" time="27.423" classname="com.presta.tests.SmokeTest"/>
  <testcase name="alogin_Positive" time="4.578" classname="com.presta.tests.SmokeTest"/>
  <testcase name="cartaddress" time="19.065" classname="com.presta.tests.SmokeTest"/>
</testsuite> <!-- com.presta.tests.SmokeTest -->
