<?xml version="1.0" encoding="UTF-8"?>
<!-- Generated by org.testng.reporters.JUnitReportReporter -->
<testsuite name="com.presta.tests.SmokeTest" tests="1" time="4.767" ignored="9" failures="0" timestamp="30 Aug 2018 00:50:46 GMT" skipped="0" hostname="DESKTOP-4SGQIEI" errors="0">
  <testcase name="alogin_Positive" time="4.767" classname="com.presta.tests.SmokeTest"/>
  <testcase name="loginNegative" classname="com.presta.tests.SmokeTest">
    <skipped/>
  </testcase> <!-- loginNegative -->
  <testcase name="Deleteitem" classname="com.presta.tests.SmokeTest">
    <skipped/>
  </testcase> <!-- Deleteitem -->
  <testcase name="shipping" classname="com.presta.tests.SmokeTest">
    <skipped/>
  </testcase> <!-- shipping -->
  <testcase name="validatesummarypage" classname="com.presta.tests.SmokeTest">
    <skipped/>
  </testcase> <!-- validatesummarypage -->
  <testcase name="cartsubmit" classname="com.presta.tests.SmokeTest">
    <skipped/>
  </testcase> <!-- cartsubmit -->
  <testcase name="searchProduct" classname="com.presta.tests.SmokeTest">
    <skipped/>
  </testcase> <!-- searchProduct -->
  <testcase name="Addtocart" classname="com.presta.tests.SmokeTest">
    <skipped/>
  </testcase> <!-- Addtocart -->
  <testcase name="payment" classname="com.presta.tests.SmokeTest">
    <skipped/>
  </testcase> <!-- payment -->
  <testcase name="cartaddress" classname="com.presta.tests.SmokeTest">
    <skipped/>
  </testcase> <!-- cartaddress -->
</testsuite> <!-- com.presta.tests.SmokeTest -->
